2022-07-27 10:18:05,608 - __main__ - INFO - Log directory: data/model\GTS_DR_2_h_1_16_lr_0.001_bs_15_0727101757/
2022-07-27 10:18:07,270 - __main__ - INFO - Model created
2022-07-27 10:18:07,271 - __main__ - INFO - Start training ...
2022-07-27 10:18:07,272 - __main__ - INFO - num_batches:1
2022-07-27 10:18:07,392 - __main__ - INFO - Total trainable parameters 43691
2022-07-27 10:18:07,461 - __main__ - INFO - epoch complete
2022-07-27 10:18:07,466 - __main__ - INFO - evaluating now!
2022-07-27 10:18:07,504 - __main__ - INFO - Epoch [0/200] (1) train_loss: 357.8961, val_loss: 329.4194, val_mae: 328.4952, val_mape: 6.2296, val_rmse: 436.7509, lr: 0.001000, 0.2s, 0.2s
2022-07-27 10:18:07,535 - __main__ - INFO - Test: loss: 336.2805, mae: 335.3564, mape: 4.4409, rmse: 492.2750
2022-07-27 10:18:07,537 - __main__ - INFO - Horizon 1 month: mae: 335.3564, mape: 4.4409, rmse: 492.2750
2022-07-27 10:18:07,539 - __main__ - INFO - Epoch [0/200] (1) train_mae: 357.8961, test_loss: 336.2805, test_mae: 335.3564, test_mape: 4.4409, test_rmse: 492.2750, lr: 0.001000, 0.2s, 0.2s
2022-07-27 10:18:07,628 - __main__ - INFO - epoch complete
2022-07-27 10:18:07,630 - __main__ - INFO - evaluating now!
2022-07-27 10:18:07,661 - __main__ - INFO - Epoch [1/200] (2) train_loss: 356.8496, val_loss: 328.5075, val_mae: 327.5853, val_mape: 6.2075, val_rmse: 435.7234, lr: 0.001000, 0.1s, 0.1s
2022-07-27 10:18:07,693 - __main__ - INFO - Test: loss: 335.1835, mae: 334.2613, mape: 4.4230, rmse: 491.3122
2022-07-27 10:18:07,695 - __main__ - INFO - Horizon 1 month: mae: 334.2613, mape: 4.4230, rmse: 491.3122
2022-07-27 10:18:07,700 - __main__ - INFO - Epoch [1/200] (2) train_mae: 356.8496, test_loss: 335.1835, test_mae: 334.2613, test_mape: 4.4230, test_rmse: 491.3122, lr: 0.001000, 0.1s, 0.1s
2022-07-27 10:18:07,802 - __main__ - INFO - epoch complete
2022-07-27 10:18:07,806 - __main__ - INFO - evaluating now!
2022-07-27 10:18:07,851 - __main__ - INFO - Epoch [2/200] (3) train_loss: 355.9377, val_loss: 327.4104, val_mae: 326.4902, val_mape: 6.1863, val_rmse: 434.8233, lr: 0.001000, 0.1s, 0.1s
2022-07-27 10:18:07,899 - __main__ - INFO - Test: loss: 334.2428, mae: 333.3225, mape: 4.4122, rmse: 490.3376
2022-07-27 10:18:07,901 - __main__ - INFO - Horizon 1 month: mae: 333.3225, mape: 4.4122, rmse: 490.3376
2022-07-27 10:18:07,907 - __main__ - INFO - Epoch [2/200] (3) train_mae: 355.9377, test_loss: 334.2428, test_mae: 333.3225, test_mape: 4.4122, test_rmse: 490.3376, lr: 0.001000, 0.1s, 0.1s
2022-07-27 10:18:08,035 - __main__ - INFO - epoch complete
2022-07-27 10:18:08,039 - __main__ - INFO - evaluating now!
2022-07-27 10:18:08,092 - __main__ - INFO - Epoch [3/200] (4) train_loss: 354.9707, val_loss: 326.7113, val_mae: 325.7928, val_mape: 6.1693, val_rmse: 433.8367, lr: 0.001000, 0.1s, 0.2s
2022-07-27 10:18:08,162 - __main__ - INFO - Test: loss: 333.3651, mae: 332.4465, mape: 4.3933, rmse: 489.5149
2022-07-27 10:18:08,166 - __main__ - INFO - Horizon 1 month: mae: 332.4465, mape: 4.3933, rmse: 489.5149
2022-07-27 10:18:08,173 - __main__ - INFO - Epoch [3/200] (4) train_mae: 354.9707, test_loss: 333.3651, test_mae: 332.4465, test_mape: 4.3933, test_rmse: 489.5149, lr: 0.001000, 0.1s, 0.2s
2022-07-27 10:18:08,337 - __main__ - INFO - epoch complete
2022-07-27 10:18:08,341 - __main__ - INFO - evaluating now!
2022-07-27 10:18:08,402 - __main__ - INFO - Epoch [4/200] (5) train_loss: 353.6941, val_loss: 325.5747, val_mae: 324.6580, val_mape: 6.1405, val_rmse: 432.7215, lr: 0.001000, 0.2s, 0.2s
2022-07-27 10:18:08,472 - __main__ - INFO - Test: loss: 332.1977, mae: 331.2810, mape: 4.3756, rmse: 488.2797
2022-07-27 10:18:08,479 - __main__ - INFO - Horizon 1 month: mae: 331.2810, mape: 4.3756, rmse: 488.2797
2022-07-27 10:18:08,486 - __main__ - INFO - Epoch [4/200] (5) train_mae: 353.6941, test_loss: 332.1977, test_mae: 331.2810, test_mape: 4.3756, test_rmse: 488.2797, lr: 0.001000, 0.2s, 0.2s
2022-07-27 10:18:08,671 - __main__ - INFO - epoch complete
2022-07-27 10:18:08,674 - __main__ - INFO - evaluating now!
2022-07-27 10:18:08,732 - __main__ - INFO - Epoch [5/200] (6) train_loss: 352.5451, val_loss: 324.5811, val_mae: 323.6667, val_mape: 6.1156, val_rmse: 431.7678, lr: 0.001000, 0.2s, 0.2s
2022-07-27 10:18:08,786 - __main__ - INFO - Test: loss: 331.1396, mae: 330.2252, mape: 4.3621, rmse: 487.3655
2022-07-27 10:18:08,790 - __main__ - INFO - Horizon 1 month: mae: 330.2252, mape: 4.3621, rmse: 487.3655
2022-07-27 10:18:08,798 - __main__ - INFO - Epoch [5/200] (6) train_mae: 352.5451, test_loss: 331.1396, test_mae: 330.2252, test_mape: 4.3621, test_rmse: 487.3655, lr: 0.001000, 0.2s, 0.2s
2022-07-27 10:18:08,961 - __main__ - INFO - epoch complete
2022-07-27 10:18:08,966 - __main__ - INFO - evaluating now!
2022-07-27 10:18:09,030 - __main__ - INFO - Epoch [6/200] (7) train_loss: 351.6831, val_loss: 323.4819, val_mae: 322.5698, val_mape: 6.0955, val_rmse: 430.7449, lr: 0.001000, 0.2s, 0.2s
2022-07-27 10:18:09,096 - __main__ - INFO - Test: loss: 330.3648, mae: 329.4527, mape: 4.3470, rmse: 486.5300
2022-07-27 10:18:09,102 - __main__ - INFO - Horizon 1 month: mae: 329.4527, mape: 4.3470, rmse: 486.5300
2022-07-27 10:18:09,108 - __main__ - INFO - Epoch [6/200] (7) train_mae: 351.6831, test_loss: 330.3648, test_mae: 329.4527, test_mape: 4.3470, test_rmse: 486.5300, lr: 0.001000, 0.2s, 0.2s
2022-07-27 10:18:09,295 - __main__ - INFO - epoch complete
2022-07-27 10:18:09,301 - __main__ - INFO - evaluating now!
2022-07-27 10:18:09,372 - __main__ - INFO - Epoch [7/200] (8) train_loss: 350.5213, val_loss: 322.1321, val_mae: 321.2225, val_mape: 6.0703, val_rmse: 429.3728, lr: 0.001000, 0.2s, 0.3s
2022-07-27 10:18:09,455 - __main__ - INFO - Test: loss: 329.1497, mae: 328.2401, mape: 4.3235, rmse: 485.4215
2022-07-27 10:18:09,463 - __main__ - INFO - Horizon 1 month: mae: 328.2401, mape: 4.3235, rmse: 485.4215
2022-07-27 10:18:09,471 - __main__ - INFO - Epoch [7/200] (8) train_mae: 350.5213, test_loss: 329.1497, test_mae: 328.2401, test_mape: 4.3235, test_rmse: 485.4215, lr: 0.001000, 0.2s, 0.3s
2022-07-27 10:18:09,667 - __main__ - INFO - epoch complete
2022-07-27 10:18:09,671 - __main__ - INFO - evaluating now!
2022-07-27 10:18:09,740 - __main__ - INFO - Epoch [8/200] (9) train_loss: 349.6586, val_loss: 321.0067, val_mae: 320.0996, val_mape: 6.0429, val_rmse: 428.0823, lr: 0.001000, 0.2s, 0.3s
2022-07-27 10:18:09,811 - __main__ - INFO - Test: loss: 328.0311, mae: 327.1240, mape: 4.3024, rmse: 484.1964
2022-07-27 10:18:09,818 - __main__ - INFO - Horizon 1 month: mae: 327.1240, mape: 4.3024, rmse: 484.1964
2022-07-27 10:18:09,827 - __main__ - INFO - Epoch [8/200] (9) train_mae: 349.6586, test_loss: 328.0311, test_mae: 327.1240, test_mape: 4.3024, test_rmse: 484.1964, lr: 0.001000, 0.2s, 0.3s
2022-07-27 10:18:10,000 - __main__ - INFO - epoch complete
2022-07-27 10:18:10,005 - __main__ - INFO - evaluating now!
2022-07-27 10:18:10,073 - __main__ - INFO - Epoch [9/200] (10) train_loss: 348.4491, val_loss: 319.8140, val_mae: 318.9095, val_mape: 6.0168, val_rmse: 427.1491, lr: 0.001000, 0.2s, 0.2s
2022-07-27 10:18:10,145 - __main__ - INFO - Test: loss: 327.1769, mae: 326.2724, mape: 4.2881, rmse: 483.3535
2022-07-27 10:18:10,152 - __main__ - INFO - Horizon 1 month: mae: 326.2724, mape: 4.2881, rmse: 483.3535
2022-07-27 10:18:10,161 - __main__ - INFO - Epoch [9/200] (10) train_mae: 348.4491, test_loss: 327.1769, test_mae: 326.2724, test_mape: 4.2881, test_rmse: 483.3535, lr: 0.001000, 0.2s, 0.2s
2022-07-27 10:18:10,346 - __main__ - INFO - epoch complete
2022-07-27 10:18:10,350 - __main__ - INFO - evaluating now!
2022-07-27 10:18:10,423 - __main__ - INFO - Epoch [10/200] (11) train_loss: 347.4556, val_loss: 318.9175, val_mae: 318.0157, val_mape: 5.9941, val_rmse: 426.0326, lr: 0.001000, 0.2s, 0.3s
2022-07-27 10:18:10,499 - __main__ - INFO - Test: loss: 325.8066, mae: 324.9048, mape: 4.2657, rmse: 482.0625
2022-07-27 10:18:10,507 - __main__ - INFO - Horizon 1 month: mae: 324.9048, mape: 4.2657, rmse: 482.0625
2022-07-27 10:18:10,514 - __main__ - INFO - Epoch [10/200] (11) train_mae: 347.4556, test_loss: 325.8066, test_mae: 324.9048, test_mape: 4.2657, test_rmse: 482.0625, lr: 0.001000, 0.2s, 0.3s
2022-07-27 10:18:10,693 - __main__ - INFO - epoch complete
2022-07-27 10:18:10,699 - __main__ - INFO - evaluating now!
2022-07-27 10:18:10,764 - __main__ - INFO - Epoch [11/200] (12) train_loss: 345.8635, val_loss: 318.1605, val_mae: 317.2615, val_mape: 5.9757, val_rmse: 425.2327, lr: 0.001000, 0.2s, 0.2s
2022-07-27 10:18:10,827 - __main__ - INFO - Test: loss: 324.8792, mae: 323.9801, mape: 4.2535, rmse: 481.1461
2022-07-27 10:18:10,833 - __main__ - INFO - Horizon 1 month: mae: 323.9801, mape: 4.2535, rmse: 481.1461
2022-07-27 10:18:10,839 - __main__ - INFO - Epoch [11/200] (12) train_mae: 345.8635, test_loss: 324.8792, test_mae: 323.9801, test_mape: 4.2535, test_rmse: 481.1461, lr: 0.001000, 0.2s, 0.2s
2022-07-27 10:18:10,993 - __main__ - INFO - epoch complete
2022-07-27 10:18:10,999 - __main__ - INFO - evaluating now!
2022-07-27 10:18:11,064 - __main__ - INFO - Epoch [12/200] (13) train_loss: 345.1518, val_loss: 316.8799, val_mae: 315.9837, val_mape: 5.9390, val_rmse: 423.6573, lr: 0.001000, 0.2s, 0.2s
2022-07-27 10:18:11,128 - __main__ - INFO - Test: loss: 324.0164, mae: 323.1203, mape: 4.2340, rmse: 480.2775
2022-07-27 10:18:11,134 - __main__ - INFO - Horizon 1 month: mae: 323.1203, mape: 4.2340, rmse: 480.2775
2022-07-27 10:18:11,142 - __main__ - INFO - Epoch [12/200] (13) train_mae: 345.1518, test_loss: 324.0164, test_mae: 323.1203, test_mape: 4.2340, test_rmse: 480.2775, lr: 0.001000, 0.2s, 0.2s
2022-07-27 10:18:11,327 - __main__ - INFO - epoch complete
2022-07-27 10:18:11,334 - __main__ - INFO - evaluating now!
2022-07-27 10:18:11,400 - __main__ - INFO - Epoch [13/200] (14) train_loss: 344.1040, val_loss: 315.4293, val_mae: 314.5360, val_mape: 5.9163, val_rmse: 422.4312, lr: 0.001000, 0.2s, 0.2s
2022-07-27 10:18:11,479 - __main__ - INFO - Test: loss: 322.6414, mae: 321.7481, mape: 4.2143, rmse: 478.8302
2022-07-27 10:18:11,486 - __main__ - INFO - Horizon 1 month: mae: 321.7481, mape: 4.2143, rmse: 478.8302
2022-07-27 10:18:11,494 - __main__ - INFO - Epoch [13/200] (14) train_mae: 344.1040, test_loss: 322.6414, test_mae: 321.7481, test_mape: 4.2143, test_rmse: 478.8302, lr: 0.001000, 0.2s, 0.2s
2022-07-27 10:18:11,702 - __main__ - INFO - epoch complete
2022-07-27 10:18:11,706 - __main__ - INFO - evaluating now!
2022-07-27 10:18:11,807 - __main__ - INFO - Epoch [14/200] (15) train_loss: 342.7590, val_loss: 314.3386, val_mae: 313.4481, val_mape: 5.8920, val_rmse: 421.2326, lr: 0.001000, 0.2s, 0.3s
2022-07-27 10:18:11,885 - __main__ - INFO - Test: loss: 321.8880, mae: 320.9974, mape: 4.1970, rmse: 477.8171
2022-07-27 10:18:11,891 - __main__ - INFO - Horizon 1 month: mae: 320.9974, mape: 4.1970, rmse: 477.8171
2022-07-27 10:18:11,898 - __main__ - INFO - Epoch [14/200] (15) train_mae: 342.7590, test_loss: 321.8880, test_mae: 320.9974, test_mape: 4.1970, test_rmse: 477.8171, lr: 0.001000, 0.2s, 0.3s
2022-07-27 10:18:12,092 - __main__ - INFO - epoch complete
2022-07-27 10:18:12,098 - __main__ - INFO - evaluating now!
2022-07-27 10:18:12,184 - __main__ - INFO - Epoch [15/200] (16) train_loss: 342.0045, val_loss: 313.4867, val_mae: 312.5987, val_mape: 5.8674, val_rmse: 420.3782, lr: 0.001000, 0.2s, 0.3s
2022-07-27 10:18:12,265 - __main__ - INFO - Test: loss: 320.5517, mae: 319.6637, mape: 4.1788, rmse: 476.7280
2022-07-27 10:18:12,271 - __main__ - INFO - Horizon 1 month: mae: 319.6637, mape: 4.1788, rmse: 476.7280
2022-07-27 10:18:12,279 - __main__ - INFO - Epoch [15/200] (16) train_mae: 342.0045, test_loss: 320.5517, test_mae: 319.6637, test_mape: 4.1788, test_rmse: 476.7280, lr: 0.001000, 0.2s, 0.3s
2022-07-27 10:18:12,483 - __main__ - INFO - epoch complete
2022-07-27 10:18:12,490 - __main__ - INFO - evaluating now!
2022-07-27 10:18:12,569 - __main__ - INFO - Epoch [16/200] (17) train_loss: 340.6375, val_loss: 311.9238, val_mae: 311.0385, val_mape: 5.8312, val_rmse: 418.8855, lr: 0.001000, 0.2s, 0.3s
2022-07-27 10:18:12,641 - __main__ - INFO - Test: loss: 319.3829, mae: 318.4975, mape: 4.1578, rmse: 475.5621
2022-07-27 10:18:12,648 - __main__ - INFO - Horizon 1 month: mae: 318.4975, mape: 4.1578, rmse: 475.5621
2022-07-27 10:18:12,653 - __main__ - INFO - Epoch [16/200] (17) train_mae: 340.6375, test_loss: 319.3829, test_mae: 318.4975, test_mape: 4.1578, test_rmse: 475.5621, lr: 0.001000, 0.2s, 0.3s
2022-07-27 10:18:12,835 - __main__ - INFO - epoch complete
2022-07-27 10:18:12,840 - __main__ - INFO - evaluating now!
2022-07-27 10:18:12,904 - __main__ - INFO - Epoch [17/200] (18) train_loss: 339.0362, val_loss: 311.2090, val_mae: 310.3262, val_mape: 5.8100, val_rmse: 417.7066, lr: 0.001000, 0.2s, 0.2s
2022-07-27 10:18:12,973 - __main__ - INFO - Test: loss: 318.1102, mae: 317.2274, mape: 4.1410, rmse: 474.3038
2022-07-27 10:18:12,976 - __main__ - INFO - Horizon 1 month: mae: 317.2274, mape: 4.1410, rmse: 474.3038
2022-07-27 10:18:12,981 - __main__ - INFO - Epoch [17/200] (18) train_mae: 339.0362, test_loss: 318.1102, test_mae: 317.2274, test_mape: 4.1410, test_rmse: 474.3038, lr: 0.001000, 0.2s, 0.2s
2022-07-27 10:18:13,142 - __main__ - INFO - epoch complete
2022-07-27 10:18:13,148 - __main__ - INFO - evaluating now!
2022-07-27 10:18:13,197 - __main__ - INFO - Epoch [18/200] (19) train_loss: 338.4781, val_loss: 309.5188, val_mae: 308.6381, val_mape: 5.7844, val_rmse: 416.1095, lr: 0.001000, 0.2s, 0.2s
2022-07-27 10:18:13,271 - __main__ - INFO - Test: loss: 316.7584, mae: 315.8777, mape: 4.1279, rmse: 473.0898
2022-07-27 10:18:13,276 - __main__ - INFO - Horizon 1 month: mae: 315.8777, mape: 4.1279, rmse: 473.0898
2022-07-27 10:18:13,281 - __main__ - INFO - Epoch [18/200] (19) train_mae: 338.4781, test_loss: 316.7584, test_mae: 315.8777, test_mape: 4.1279, test_rmse: 473.0898, lr: 0.001000, 0.2s, 0.2s
2022-07-27 10:18:13,449 - __main__ - INFO - epoch complete
2022-07-27 10:18:13,454 - __main__ - INFO - evaluating now!
2022-07-27 10:18:13,516 - __main__ - INFO - Epoch [19/200] (20) train_loss: 336.8813, val_loss: 308.3661, val_mae: 307.4874, val_mape: 5.7668, val_rmse: 415.1120, lr: 0.000050, 0.2s, 0.2s
2022-07-27 10:18:13,579 - __main__ - INFO - Test: loss: 315.8316, mae: 314.9529, mape: 4.1040, rmse: 471.7677
2022-07-27 10:18:13,584 - __main__ - INFO - Horizon 1 month: mae: 314.9529, mape: 4.1040, rmse: 471.7677
2022-07-27 10:18:13,588 - __main__ - INFO - Epoch [19/200] (20) train_mae: 336.8813, test_loss: 315.8316, test_mae: 314.9529, test_mape: 4.1040, test_rmse: 471.7677, lr: 0.000050, 0.2s, 0.2s
2022-07-27 10:18:13,775 - __main__ - INFO - epoch complete
2022-07-27 10:18:13,782 - __main__ - INFO - evaluating now!
2022-07-27 10:18:13,876 - __main__ - INFO - Epoch [20/200] (21) train_loss: 335.1604, val_loss: 306.9733, val_mae: 306.0967, val_mape: 5.7196, val_rmse: 413.4747, lr: 0.000050, 0.2s, 0.3s
2022-07-27 10:18:13,944 - __main__ - INFO - Test: loss: 314.7099, mae: 313.8334, mape: 4.0966, rmse: 470.9015
2022-07-27 10:18:13,950 - __main__ - INFO - Horizon 1 month: mae: 313.8334, mape: 4.0966, rmse: 470.9015
2022-07-27 10:18:13,956 - __main__ - INFO - Epoch [20/200] (21) train_mae: 335.1604, test_loss: 314.7099, test_mae: 313.8334, test_mape: 4.0966, test_rmse: 470.9015, lr: 0.000050, 0.2s, 0.3s
2022-07-27 10:18:14,140 - __main__ - INFO - epoch complete
2022-07-27 10:18:14,148 - __main__ - INFO - evaluating now!
2022-07-27 10:18:14,224 - __main__ - INFO - Epoch [21/200] (22) train_loss: 333.8321, val_loss: 306.3694, val_mae: 305.4950, val_mape: 5.7070, val_rmse: 412.6361, lr: 0.000050, 0.2s, 0.3s
2022-07-27 10:18:14,312 - __main__ - INFO - Test: loss: 313.2197, mae: 312.3453, mape: 4.0573, rmse: 469.2534
2022-07-27 10:18:14,319 - __main__ - INFO - Horizon 1 month: mae: 312.3453, mape: 4.0573, rmse: 469.2534
2022-07-27 10:18:14,329 - __main__ - INFO - Epoch [21/200] (22) train_mae: 333.8321, test_loss: 313.2197, test_mae: 312.3453, test_mape: 4.0573, test_rmse: 469.2534, lr: 0.000050, 0.2s, 0.3s
2022-07-27 10:18:14,538 - __main__ - INFO - epoch complete
2022-07-27 10:18:14,543 - __main__ - INFO - evaluating now!
2022-07-27 10:18:14,617 - __main__ - INFO - Epoch [22/200] (23) train_loss: 333.0393, val_loss: 304.5284, val_mae: 303.6557, val_mape: 5.6609, val_rmse: 410.7487, lr: 0.000050, 0.2s, 0.3s
2022-07-27 10:18:14,692 - __main__ - INFO - Test: loss: 311.9818, mae: 311.1091, mape: 4.0411, rmse: 467.7771
2022-07-27 10:18:14,700 - __main__ - INFO - Horizon 1 month: mae: 311.1091, mape: 4.0411, rmse: 467.7771
2022-07-27 10:18:14,704 - __main__ - INFO - Epoch [22/200] (23) train_mae: 333.0393, test_loss: 311.9818, test_mae: 311.1091, test_mape: 4.0411, test_rmse: 467.7771, lr: 0.000050, 0.2s, 0.3s
2022-07-27 10:18:14,891 - __main__ - INFO - epoch complete
2022-07-27 10:18:14,897 - __main__ - INFO - evaluating now!
2022-07-27 10:18:14,962 - __main__ - INFO - Epoch [23/200] (24) train_loss: 331.6484, val_loss: 303.1722, val_mae: 302.3012, val_mape: 5.6320, val_rmse: 409.3460, lr: 0.000050, 0.2s, 0.3s
2022-07-27 10:18:15,031 - __main__ - INFO - Test: loss: 311.0313, mae: 310.1602, mape: 4.0118, rmse: 467.0176
2022-07-27 10:18:15,037 - __main__ - INFO - Horizon 1 month: mae: 310.1602, mape: 4.0118, rmse: 467.0176
2022-07-27 10:18:15,041 - __main__ - INFO - Epoch [23/200] (24) train_mae: 331.6484, test_loss: 311.0313, test_mae: 310.1602, test_mape: 4.0118, test_rmse: 467.0176, lr: 0.000050, 0.2s, 0.3s
2022-07-27 10:18:15,196 - __main__ - INFO - epoch complete
2022-07-27 10:18:15,201 - __main__ - INFO - evaluating now!
2022-07-27 10:18:15,266 - __main__ - INFO - Epoch [24/200] (25) train_loss: 330.6502, val_loss: 301.8790, val_mae: 301.0094, val_mape: 5.6208, val_rmse: 408.2189, lr: 0.000050, 0.2s, 0.2s
2022-07-27 10:18:15,330 - __main__ - INFO - Test: loss: 308.8536, mae: 307.9840, mape: 3.9872, rmse: 464.9433
2022-07-27 10:18:15,337 - __main__ - INFO - Horizon 1 month: mae: 307.9840, mape: 3.9872, rmse: 464.9433
2022-07-27 10:18:15,343 - __main__ - INFO - Epoch [24/200] (25) train_mae: 330.6502, test_loss: 308.8536, test_mae: 307.9840, test_mape: 3.9872, test_rmse: 464.9433, lr: 0.000050, 0.2s, 0.2s
2022-07-27 10:18:15,481 - __main__ - INFO - epoch complete
2022-07-27 10:18:15,485 - __main__ - INFO - evaluating now!
2022-07-27 10:18:15,559 - __main__ - INFO - Epoch [25/200] (26) train_loss: 328.8290, val_loss: 300.6401, val_mae: 299.7717, val_mape: 5.5856, val_rmse: 406.5579, lr: 0.000050, 0.1s, 0.2s
2022-07-27 10:18:15,642 - __main__ - INFO - Test: loss: 307.7343, mae: 306.8659, mape: 3.9716, rmse: 463.6759
2022-07-27 10:18:15,647 - __main__ - INFO - Horizon 1 month: mae: 306.8659, mape: 3.9716, rmse: 463.6759
2022-07-27 10:18:15,657 - __main__ - INFO - Epoch [25/200] (26) train_mae: 328.8290, test_loss: 307.7343, test_mae: 306.8659, test_mape: 3.9716, test_rmse: 463.6759, lr: 0.000050, 0.1s, 0.2s
2022-07-27 10:18:15,868 - __main__ - INFO - epoch complete
2022-07-27 10:18:15,871 - __main__ - INFO - evaluating now!
2022-07-27 10:18:15,942 - __main__ - INFO - Epoch [26/200] (27) train_loss: 327.5047, val_loss: 299.3956, val_mae: 298.5287, val_mape: 5.5483, val_rmse: 405.0721, lr: 0.000050, 0.2s, 0.3s
2022-07-27 10:18:16,011 - __main__ - INFO - Test: loss: 306.1140, mae: 305.2470, mape: 3.9508, rmse: 462.0657
2022-07-27 10:18:16,015 - __main__ - INFO - Horizon 1 month: mae: 305.2470, mape: 3.9508, rmse: 462.0657
2022-07-27 10:18:16,019 - __main__ - INFO - Epoch [26/200] (27) train_mae: 327.5047, test_loss: 306.1140, test_mae: 305.2470, test_mape: 3.9508, test_rmse: 462.0657, lr: 0.000050, 0.2s, 0.3s
2022-07-27 10:18:16,216 - __main__ - INFO - epoch complete
2022-07-27 10:18:16,222 - __main__ - INFO - evaluating now!
2022-07-27 10:18:16,294 - __main__ - INFO - Epoch [27/200] (28) train_loss: 326.0628, val_loss: 298.4112, val_mae: 297.5456, val_mape: 5.5337, val_rmse: 404.1052, lr: 0.000050, 0.2s, 0.3s
2022-07-27 10:18:16,361 - __main__ - INFO - Test: loss: 304.6372, mae: 303.7716, mape: 3.9223, rmse: 460.7437
2022-07-27 10:18:16,368 - __main__ - INFO - Horizon 1 month: mae: 303.7716, mape: 3.9223, rmse: 460.7437
2022-07-27 10:18:16,377 - __main__ - INFO - Epoch [27/200] (28) train_mae: 326.0628, test_loss: 304.6372, test_mae: 303.7716, test_mape: 3.9223, test_rmse: 460.7437, lr: 0.000050, 0.2s, 0.3s
2022-07-27 10:18:16,566 - __main__ - INFO - epoch complete
2022-07-27 10:18:16,573 - __main__ - INFO - evaluating now!
2022-07-27 10:18:16,639 - __main__ - INFO - Epoch [28/200] (29) train_loss: 323.4267, val_loss: 296.4784, val_mae: 295.6140, val_mape: 5.4942, val_rmse: 402.1565, lr: 0.000050, 0.2s, 0.3s
2022-07-27 10:18:16,715 - __main__ - INFO - Test: loss: 303.9888, mae: 303.1244, mape: 3.9037, rmse: 459.6498
2022-07-27 10:18:16,720 - __main__ - INFO - Horizon 1 month: mae: 303.1244, mape: 3.9037, rmse: 459.6498
2022-07-27 10:18:16,728 - __main__ - INFO - Epoch [28/200] (29) train_mae: 323.4267, test_loss: 303.9888, test_mae: 303.1244, test_mape: 3.9037, test_rmse: 459.6498, lr: 0.000050, 0.2s, 0.3s
